This is pdfTeX, Version 3.1415926-2.4-1.40.13 (TeX Live 2012/Arch Linux) (format=pdflatex 2013.5.11)  4 JUN 2013 08:02
entering extended mode
 restricted \write18 enabled.
 %&-line parsing enabled.
**\nonstopmode\input zprava.tex
(./zprava.tex (/usr/share/texmf-dist/tex/latex/base/article.cls
Document Class: article 2007/10/19 v1.4h Standard LaTeX document class
(/usr/share/texmf-dist/tex/latex/base/size12.clo
File: size12.clo 2007/10/19 v1.4h Standard LaTeX file (size option)
)
\c@part=\count79
\c@section=\count80
\c@subsection=\count81
\c@subsubsection=\count82
\c@paragraph=\count83
\c@subparagraph=\count84
\c@figure=\count85
\c@table=\count86
\abovecaptionskip=\skip41
\belowcaptionskip=\skip42
\bibindent=\dimen102
)
(/usr/share/texmf-dist/tex/generic/babel/babel.sty
Package: babel 2008/07/08 v3.8m The Babel package

(/usr/share/texmf-dist/tex/generic/babel/czech.ldf
Language: czech 2008/07/06 v3.1a Czech support from the babel system

(/usr/share/texmf-dist/tex/generic/babel/babel.def
File: babel.def 2008/07/08 v3.8m Babel common definitions
\babel@savecnt=\count87
\U@D=\dimen103
)
Package babel Info: Making " an active character on input line 172.
\cs@wordlen=\count88
Package babel Info: Making - an active character on input line 226.
)
(/usr/share/texmf-dist/tex/generic/babel/english.ldf
Language: english 2005/03/30 v3.3o English support from the babel system
\l@canadian = a dialect from \language\l@american 
\l@australian = a dialect from \language\l@british 
\l@newzealand = a dialect from \language\l@british 
))
(/usr/share/texmf-dist/tex/latex/amsmath/amsmath.sty
Package: amsmath 2013/01/14 v2.14 AMS math features
\@mathmargin=\skip43

For additional information on amsmath, use the `?' option.
(/usr/share/texmf-dist/tex/latex/amsmath/amstext.sty
Package: amstext 2000/06/29 v2.01

(/usr/share/texmf-dist/tex/latex/amsmath/amsgen.sty
File: amsgen.sty 1999/11/30 v2.0
\@emptytoks=\toks14
\ex@=\dimen104
))
(/usr/share/texmf-dist/tex/latex/amsmath/amsbsy.sty
Package: amsbsy 1999/11/29 v1.2d
\pmbraise@=\dimen105
)
(/usr/share/texmf-dist/tex/latex/amsmath/amsopn.sty
Package: amsopn 1999/12/14 v2.01 operator names
)
\inf@bad=\count89
LaTeX Info: Redefining \frac on input line 210.
\uproot@=\count90
\leftroot@=\count91
LaTeX Info: Redefining \overline on input line 306.
\classnum@=\count92
\DOTSCASE@=\count93
LaTeX Info: Redefining \ldots on input line 378.
LaTeX Info: Redefining \dots on input line 381.
LaTeX Info: Redefining \cdots on input line 466.
\Mathstrutbox@=\box26
\strutbox@=\box27
\big@size=\dimen106
LaTeX Font Info:    Redeclaring font encoding OML on input line 566.
LaTeX Font Info:    Redeclaring font encoding OMS on input line 567.
\macc@depth=\count94
\c@MaxMatrixCols=\count95
\dotsspace@=\muskip10
\c@parentequation=\count96
\dspbrk@lvl=\count97
\tag@help=\toks15
\row@=\count98
\column@=\count99
\maxfields@=\count100
\andhelp@=\toks16
\eqnshift@=\dimen107
\alignsep@=\dimen108
\tagshift@=\dimen109
\tagwidth@=\dimen110
\totwidth@=\dimen111
\lineht@=\dimen112
\@envbody=\toks17
\multlinegap=\skip44
\multlinetaggap=\skip45
\mathdisplay@stack=\toks18
LaTeX Info: Redefining \[ on input line 2665.
LaTeX Info: Redefining \] on input line 2666.
)
(/usr/share/texmf-dist/tex/generic/epsf/epsf.sty
This is `epsf.tex' v2.7.4 <14 February 2011>
\epsffilein=\read1
\epsfframemargin=\dimen113
\epsfframethickness=\dimen114
\epsfrsize=\dimen115
\epsftmp=\dimen116
\epsftsize=\dimen117
\epsfxsize=\dimen118
\epsfysize=\dimen119
\pspoints=\dimen120
) (/usr/share/texmf-dist/tex/latex/eepic/epic.sty
Enhancements to Picture Environment. Version 1.2 - Released June 1, 1986
\@@multicnt=\count101
\d@lta=\count102
\@delta=\dimen121
\@@delta=\dimen122
\@gridcnt=\count103
\@joinkind=\count104
\@dotgap=\dimen123
\@ddotgap=\dimen124
\@x@diff=\count105
\@y@diff=\count106
\x@diff=\dimen125
\y@diff=\dimen126
\@dotbox=\box28
\num@segments=\count107
\num@segmentsi=\count108
\@datafile=\read2
) (/usr/share/texmf-dist/tex/latex/eepic/eepic.sty
Extension to Epic and LaTeX. Version 1.1e - Released Dec 21, 1999
\@gphlinewidth=\count109
\@eepictcnt=\count110
\@tempdimc=\dimen127
\maxovaldiam=\dimen128
\@filltype=\box29
) (/usr/share/texmf-dist/tex/latex/eepic/eepicemu.sty
Emulation of EEPIC using EPIC. Version 1.1a - Released Febrary 1, 1988
\@spxcnt=\count111
\@spycnt=\count112
\@ispxcnt=\count113
\@ispycnt=\count114
\@cmidxcnt=\count115
\@cmidycnt=\count116
\maxovaldiam=\dimen129
) (/usr/share/texmf-dist/tex/latex/url/url.sty
\Urlmuskip=\muskip11
Package: url 2006/04/12  ver 3.3  Verb mode for urls, etc.
)
(/usr/share/texmf-dist/tex/latex/base/inputenc.sty
Package: inputenc 2008/03/30 v1.1d Input encoding file
\inpenc@prehook=\toks19
\inpenc@posthook=\toks20

(/usr/share/texmf-dist/tex/latex/base/utf8.def
File: utf8.def 2008/04/05 v1.1m UTF-8 support for inputenc
Now handling font encoding OML ...
... no UTF-8 mapping file for font encoding OML
Now handling font encoding T1 ...
... processing UTF-8 mapping file for font encoding T1

(/usr/share/texmf-dist/tex/latex/base/t1enc.dfu
File: t1enc.dfu 2008/04/05 v1.1m UTF-8 support for inputenc
   defining Unicode char U+00A1 (decimal 161)
   defining Unicode char U+00A3 (decimal 163)
   defining Unicode char U+00AB (decimal 171)
   defining Unicode char U+00BB (decimal 187)
   defining Unicode char U+00BF (decimal 191)
   defining Unicode char U+00C0 (decimal 192)
   defining Unicode char U+00C1 (decimal 193)
   defining Unicode char U+00C2 (decimal 194)
   defining Unicode char U+00C3 (decimal 195)
   defining Unicode char U+00C4 (decimal 196)
   defining Unicode char U+00C5 (decimal 197)
   defining Unicode char U+00C6 (decimal 198)
   defining Unicode char U+00C7 (decimal 199)
   defining Unicode char U+00C8 (decimal 200)
   defining Unicode char U+00C9 (decimal 201)
   defining Unicode char U+00CA (decimal 202)
   defining Unicode char U+00CB (decimal 203)
   defining Unicode char U+00CC (decimal 204)
   defining Unicode char U+00CD (decimal 205)
   defining Unicode char U+00CE (decimal 206)
   defining Unicode char U+00CF (decimal 207)
   defining Unicode char U+00D0 (decimal 208)
   defining Unicode char U+00D1 (decimal 209)
   defining Unicode char U+00D2 (decimal 210)
   defining Unicode char U+00D3 (decimal 211)
   defining Unicode char U+00D4 (decimal 212)
   defining Unicode char U+00D5 (decimal 213)
   defining Unicode char U+00D6 (decimal 214)
   defining Unicode char U+00D8 (decimal 216)
   defining Unicode char U+00D9 (decimal 217)
   defining Unicode char U+00DA (decimal 218)
   defining Unicode char U+00DB (decimal 219)
   defining Unicode char U+00DC (decimal 220)
   defining Unicode char U+00DD (decimal 221)
   defining Unicode char U+00DE (decimal 222)
   defining Unicode char U+00DF (decimal 223)
   defining Unicode char U+00E0 (decimal 224)
   defining Unicode char U+00E1 (decimal 225)
   defining Unicode char U+00E2 (decimal 226)
   defining Unicode char U+00E3 (decimal 227)
   defining Unicode char U+00E4 (decimal 228)
   defining Unicode char U+00E5 (decimal 229)
   defining Unicode char U+00E6 (decimal 230)
   defining Unicode char U+00E7 (decimal 231)
   defining Unicode char U+00E8 (decimal 232)
   defining Unicode char U+00E9 (decimal 233)
   defining Unicode char U+00EA (decimal 234)
   defining Unicode char U+00EB (decimal 235)
   defining Unicode char U+00EC (decimal 236)
   defining Unicode char U+00ED (decimal 237)
   defining Unicode char U+00EE (decimal 238)
   defining Unicode char U+00EF (decimal 239)
   defining Unicode char U+00F0 (decimal 240)
   defining Unicode char U+00F1 (decimal 241)
   defining Unicode char U+00F2 (decimal 242)
   defining Unicode char U+00F3 (decimal 243)
   defining Unicode char U+00F4 (decimal 244)
   defining Unicode char U+00F5 (decimal 245)
   defining Unicode char U+00F6 (decimal 246)
   defining Unicode char U+00F8 (decimal 248)
   defining Unicode char U+00F9 (decimal 249)
   defining Unicode char U+00FA (decimal 250)
   defining Unicode char U+00FB (decimal 251)
   defining Unicode char U+00FC (decimal 252)
   defining Unicode char U+00FD (decimal 253)
   defining Unicode char U+00FE (decimal 254)
   defining Unicode char U+00FF (decimal 255)
   defining Unicode char U+0102 (decimal 258)
   defining Unicode char U+0103 (decimal 259)
   defining Unicode char U+0104 (decimal 260)
   defining Unicode char U+0105 (decimal 261)
   defining Unicode char U+0106 (decimal 262)
   defining Unicode char U+0107 (decimal 263)
   defining Unicode char U+010C (decimal 268)
   defining Unicode char U+010D (decimal 269)
   defining Unicode char U+010E (decimal 270)
   defining Unicode char U+010F (decimal 271)
   defining Unicode char U+0110 (decimal 272)
   defining Unicode char U+0111 (decimal 273)
   defining Unicode char U+0118 (decimal 280)
   defining Unicode char U+0119 (decimal 281)
   defining Unicode char U+011A (decimal 282)
   defining Unicode char U+011B (decimal 283)
   defining Unicode char U+011E (decimal 286)
   defining Unicode char U+011F (decimal 287)
   defining Unicode char U+0130 (decimal 304)
   defining Unicode char U+0131 (decimal 305)
   defining Unicode char U+0132 (decimal 306)
   defining Unicode char U+0133 (decimal 307)
   defining Unicode char U+0139 (decimal 313)
   defining Unicode char U+013A (decimal 314)
   defining Unicode char U+013D (decimal 317)
   defining Unicode char U+013E (decimal 318)
   defining Unicode char U+0141 (decimal 321)
   defining Unicode char U+0142 (decimal 322)
   defining Unicode char U+0143 (decimal 323)
   defining Unicode char U+0144 (decimal 324)
   defining Unicode char U+0147 (decimal 327)
   defining Unicode char U+0148 (decimal 328)
   defining Unicode char U+014A (decimal 330)
   defining Unicode char U+014B (decimal 331)
   defining Unicode char U+0150 (decimal 336)
   defining Unicode char U+0151 (decimal 337)
   defining Unicode char U+0152 (decimal 338)
   defining Unicode char U+0153 (decimal 339)
   defining Unicode char U+0154 (decimal 340)
   defining Unicode char U+0155 (decimal 341)
   defining Unicode char U+0158 (decimal 344)
   defining Unicode char U+0159 (decimal 345)
   defining Unicode char U+015A (decimal 346)
   defining Unicode char U+015B (decimal 347)
   defining Unicode char U+015E (decimal 350)
   defining Unicode char U+015F (decimal 351)
   defining Unicode char U+0160 (decimal 352)
   defining Unicode char U+0161 (decimal 353)
   defining Unicode char U+0162 (decimal 354)
   defining Unicode char U+0163 (decimal 355)
   defining Unicode char U+0164 (decimal 356)
   defining Unicode char U+0165 (decimal 357)
   defining Unicode char U+016E (decimal 366)
   defining Unicode char U+016F (decimal 367)
   defining Unicode char U+0170 (decimal 368)
   defining Unicode char U+0171 (decimal 369)
   defining Unicode char U+0178 (decimal 376)
   defining Unicode char U+0179 (decimal 377)
   defining Unicode char U+017A (decimal 378)
   defining Unicode char U+017B (decimal 379)
   defining Unicode char U+017C (decimal 380)
   defining Unicode char U+017D (decimal 381)
   defining Unicode char U+017E (decimal 382)
   defining Unicode char U+200C (decimal 8204)
   defining Unicode char U+2013 (decimal 8211)
   defining Unicode char U+2014 (decimal 8212)
   defining Unicode char U+2018 (decimal 8216)
   defining Unicode char U+2019 (decimal 8217)
   defining Unicode char U+201A (decimal 8218)
   defining Unicode char U+201C (decimal 8220)
   defining Unicode char U+201D (decimal 8221)
   defining Unicode char U+201E (decimal 8222)
   defining Unicode char U+2030 (decimal 8240)
   defining Unicode char U+2031 (decimal 8241)
   defining Unicode char U+2039 (decimal 8249)
   defining Unicode char U+203A (decimal 8250)
   defining Unicode char U+2423 (decimal 9251)
)
Now handling font encoding OT1 ...
... processing UTF-8 mapping file for font encoding OT1

(/usr/share/texmf-dist/tex/latex/base/ot1enc.dfu
File: ot1enc.dfu 2008/04/05 v1.1m UTF-8 support for inputenc
   defining Unicode char U+00A1 (decimal 161)
   defining Unicode char U+00A3 (decimal 163)
   defining Unicode char U+00B8 (decimal 184)
   defining Unicode char U+00BF (decimal 191)
   defining Unicode char U+00C5 (decimal 197)
   defining Unicode char U+00C6 (decimal 198)
   defining Unicode char U+00D8 (decimal 216)
   defining Unicode char U+00DF (decimal 223)
   defining Unicode char U+00E6 (decimal 230)
   defining Unicode char U+00EC (decimal 236)
   defining Unicode char U+00ED (decimal 237)
   defining Unicode char U+00EE (decimal 238)
   defining Unicode char U+00EF (decimal 239)
   defining Unicode char U+00F8 (decimal 248)
   defining Unicode char U+0131 (decimal 305)
   defining Unicode char U+0141 (decimal 321)
   defining Unicode char U+0142 (decimal 322)
   defining Unicode char U+0152 (decimal 338)
   defining Unicode char U+0153 (decimal 339)
   defining Unicode char U+2013 (decimal 8211)
   defining Unicode char U+2014 (decimal 8212)
   defining Unicode char U+2018 (decimal 8216)
   defining Unicode char U+2019 (decimal 8217)
   defining Unicode char U+201C (decimal 8220)
   defining Unicode char U+201D (decimal 8221)
)
Now handling font encoding OMS ...
... processing UTF-8 mapping file for font encoding OMS

(/usr/share/texmf-dist/tex/latex/base/omsenc.dfu
File: omsenc.dfu 2008/04/05 v1.1m UTF-8 support for inputenc
   defining Unicode char U+00A7 (decimal 167)
   defining Unicode char U+00B6 (decimal 182)
   defining Unicode char U+00B7 (decimal 183)
   defining Unicode char U+2020 (decimal 8224)
   defining Unicode char U+2021 (decimal 8225)
   defining Unicode char U+2022 (decimal 8226)
)
Now handling font encoding OMX ...
... no UTF-8 mapping file for font encoding OMX
Now handling font encoding U ...
... no UTF-8 mapping file for font encoding U
   defining Unicode char U+00A9 (decimal 169)
   defining Unicode char U+00AA (decimal 170)
   defining Unicode char U+00AE (decimal 174)
   defining Unicode char U+00BA (decimal 186)
   defining Unicode char U+02C6 (decimal 710)
   defining Unicode char U+02DC (decimal 732)
   defining Unicode char U+200C (decimal 8204)
   defining Unicode char U+2026 (decimal 8230)
   defining Unicode char U+2122 (decimal 8482)
   defining Unicode char U+2423 (decimal 9251)
))
(/usr/share/texmf-dist/tex/latex/graphics/graphicx.sty
Package: graphicx 1999/02/16 v1.0f Enhanced LaTeX Graphics (DPC,SPQR)

(/usr/share/texmf-dist/tex/latex/graphics/keyval.sty
Package: keyval 1999/03/16 v1.13 key=value parser (DPC)
\KV@toks@=\toks21
)
(/usr/share/texmf-dist/tex/latex/graphics/graphics.sty
Package: graphics 2009/02/05 v1.0o Standard LaTeX Graphics (DPC,SPQR)

(/usr/share/texmf-dist/tex/latex/graphics/trig.sty
Package: trig 1999/03/16 v1.09 sin cos tan (DPC)
)
(/usr/share/texmf-dist/tex/latex/latexconfig/graphics.cfg
File: graphics.cfg 2010/04/23 v1.9 graphics configuration of TeX Live
)
Package graphics Info: Driver file: pdftex.def on input line 91.

(/usr/share/texmf-dist/tex/latex/pdftex-def/pdftex.def
File: pdftex.def 2011/05/27 v0.06d Graphics/color for pdfTeX

(/usr/share/texmf-dist/tex/generic/oberdiek/infwarerr.sty
Package: infwarerr 2010/04/08 v1.3 Providing info/warning/error messages (HO)
)
(/usr/share/texmf-dist/tex/generic/oberdiek/ltxcmds.sty
Package: ltxcmds 2011/11/09 v1.22 LaTeX kernel commands for general use (HO)
)
\Gread@gobject=\count117
))
\Gin@req@height=\dimen130
\Gin@req@width=\dimen131
)
(/usr/share/texmf-dist/tex/latex/algorithm2e/algorithm2e.sty
Package: algorithm2e 2013/01/06 v5.00 algorithms environments
\c@AlgoLine=\count118

(/usr/share/texmf-dist/tex/latex/base/ifthen.sty
Package: ifthen 2001/05/26 v1.1c Standard LaTeX ifthen package (DPC)
)
(/usr/share/texmf-dist/tex/latex/tools/xspace.sty
Package: xspace 2009/10/20 v1.13 Space after command names (DPC,MH)
)
(/usr/share/texmf-dist/tex/latex/relsize/relsize.sty
Package: relsize 2011/09/21 ver 4.0

Examine \normalsize starts \@setfontsize size may be \@xiipt. 
Examine \small starts \@setfontsize size may be \@xipt. 
Examine \footnotesize starts \@setfontsize size may be \@xpt. 
Examine \large starts \@setfontsize size may be \@xivpt. 
Examine \Large starts \@setfontsize size may be \@xviipt. 
Examine \LARGE starts \@setfontsize size may be \@xxpt. 
Examine \scriptsize starts \@setfontsize size may be \@viiipt. 
Examine \tiny starts \@setfontsize size may be \@vipt. 
Examine \huge starts \@setfontsize size may be \@xxvpt. 
Examine \Huge starts \@setfontsize size may be \@xxvpt. )
********************************************************
Package `algorithm2e' Release 5.0 -- january 06 2013 --
- algorithm2e-announce@lirmm.fr mailing list for announcement about releases
- algorithm2e-discussion@lirmm.fr mailing list for discussion about package
subscribe by emailing sympa@lirmm.fr with 'subscribe <list> <firstname name>'
- Author: Christophe Fiorio (cfiorio@um2.fr)
********************************************************
\skiptotal=\skip46
\skiplinenumber=\skip47
\skiprule=\skip48
\skiphlne=\skip49
\skiptext=\skip50
\skiplength=\skip51
\algomargin=\skip52
\skipalgocfslide=\skip53
\algowidth=\dimen132
\inoutsize=\dimen133
\inoutindent=\dimen134
\interspacetitleruled=\dimen135
\interspacealgoruled=\dimen136
\interspacetitleboxruled=\dimen137
\algocf@inoutbox=\box30
\algocf@inputbox=\box31
\AlCapSkip=\skip54
\AlCapHSkip=\skip55
\algoskipindent=\skip56
\algocf@nlbox=\box32
\algocf@hangingbox=\box33
\algocf@untilbox=\box34
\algocf@skipuntil=\skip57
\algocf@capbox=\box35
\algoheightruledefault=\skip58
\algoheightrule=\skip59
\algotitleheightruledefault=\skip60
\algotitleheightrule=\skip61
\c@algocfline=\count119
\c@algocfproc=\count120
\c@algocf=\count121
\algocf@algoframe=\box36
\algocf@algobox=\box37
) (./extraplaceins.sty

LaTeX Warning: You have requested package `extraplaceins',
               but the package provides `placeins'.

Package: placeins 2005/04/18  v 2.2
) (./zprava.aux)
\openout1 = `zprava.aux'.

LaTeX Font Info:    Checking defaults for OML/cmm/m/it on input line 13.
LaTeX Font Info:    ... okay on input line 13.
LaTeX Font Info:    Checking defaults for T1/cmr/m/n on input line 13.
LaTeX Font Info:    ... okay on input line 13.
LaTeX Font Info:    Checking defaults for OT1/cmr/m/n on input line 13.
LaTeX Font Info:    ... okay on input line 13.
LaTeX Font Info:    Checking defaults for OMS/cmsy/m/n on input line 13.
LaTeX Font Info:    ... okay on input line 13.
LaTeX Font Info:    Checking defaults for OMX/cmex/m/n on input line 13.
LaTeX Font Info:    ... okay on input line 13.
LaTeX Font Info:    Checking defaults for U/cmr/m/n on input line 13.
LaTeX Font Info:    ... okay on input line 13.
 (/usr/share/texmf-dist/tex/context/base/supp-pdf.mkii
[Loading MPS to PDF converter (version 2006.09.02).]
\scratchcounter=\count122
\scratchdimen=\dimen138
\scratchbox=\box38
\nofMPsegments=\count123
\nofMParguments=\count124
\everyMPshowfont=\toks22
\MPscratchCnt=\count125
\MPscratchDim=\dimen139
\MPnumerator=\count126
\makeMPintoPDFobject=\count127
\everyMPtoPDFconversion=\toks23
) (/usr/share/texmf-dist/tex/generic/oberdiek/pdftexcmds.sty
Package: pdftexcmds 2011/11/29 v0.20 Utility functions of pdfTeX for LuaTeX (HO
)

(/usr/share/texmf-dist/tex/generic/oberdiek/ifluatex.sty
Package: ifluatex 2010/03/01 v1.3 Provides the ifluatex switch (HO)
Package ifluatex Info: LuaTeX not detected.
)
(/usr/share/texmf-dist/tex/generic/oberdiek/ifpdf.sty
Package: ifpdf 2011/01/30 v2.3 Provides the ifpdf switch (HO)
Package ifpdf Info: pdfTeX in PDF mode is detected.
)
Package pdftexcmds Info: LuaTeX not detected.
Package pdftexcmds Info: \pdf@primitive is available.
Package pdftexcmds Info: \pdf@ifprimitive is available.
Package pdftexcmds Info: \pdfdraftmode found.
)
(/usr/share/texmf-dist/tex/latex/oberdiek/epstopdf-base.sty
Package: epstopdf-base 2010/02/09 v2.5 Base part for package epstopdf

(/usr/share/texmf-dist/tex/latex/oberdiek/grfext.sty
Package: grfext 2010/08/19 v1.1 Manage graphics extensions (HO)

(/usr/share/texmf-dist/tex/generic/oberdiek/kvdefinekeys.sty
Package: kvdefinekeys 2011/04/07 v1.3 Define keys (HO)
))
(/usr/share/texmf-dist/tex/latex/oberdiek/kvoptions.sty
Package: kvoptions 2011/06/30 v3.11 Key value format for package options (HO)

(/usr/share/texmf-dist/tex/generic/oberdiek/kvsetkeys.sty
Package: kvsetkeys 2012/04/25 v1.16 Key value parser (HO)

(/usr/share/texmf-dist/tex/generic/oberdiek/etexcmds.sty
Package: etexcmds 2011/02/16 v1.5 Avoid name clashes with e-TeX commands (HO)
Package etexcmds Info: Could not find \expanded.
(etexcmds)             That can mean that you are not using pdfTeX 1.50 or
(etexcmds)             that some package has redefined \expanded.
(etexcmds)             In the latter case, load this package earlier.
)))
Package grfext Info: Graphics extension search list:
(grfext)             [.png,.pdf,.jpg,.mps,.jpeg,.jbig2,.jb2,.PNG,.PDF,.JPG,.JPE
G,.JBIG2,.JB2,.eps]
(grfext)             \AppendGraphicsExtensions on input line 452.

(/usr/share/texmf-dist/tex/latex/latexconfig/epstopdf-sys.cfg
File: epstopdf-sys.cfg 2010/07/13 v1.3 Configuration of (r)epstopdf for TeX Liv
e
))
Overfull \hbox (3.0987pt too wide) in paragraph at lines 23--24
\OT1/cmr/m/n/12 C^^S^^Plem pr^^Sace je navrhnout a im-ple-men-to-vat al-go-rit-
mus pokro^^Tcil^^Se lok^^Saln^^S^^P heuris-
 []


LaTeX Warning: Command \textellipsis invalid in math mode on input line 27.


LaTeX Warning: Command \textellipsis invalid in math mode on input line 27.


LaTeX Warning: Command \textellipsis invalid in math mode on input line 27.


LaTeX Warning: Command \textellipsis invalid in math mode on input line 27.


Overfull \hbox (23.75682pt too wide) in paragraph at lines 31--32
\OT1/cmr/m/n/12 Pro im-ple-mentaci al-go-ritmu byla zv-olena it-er-a-tivn^^S^^P
 heuris-tika v podob^^Te evolu^^Tcn^^S^^Pho
 []


Overfull \hbox (19.09158pt too wide) in paragraph at lines 33--34
[]\OT1/cmr/m/n/12 Z^^Sakladn^^S^^P prin-cip funkce evolu^^Tcn^^S^^Pho al-go-rit
mu spo^^Tc^^S^^Pv^^Sa v it-er-a-tivn^^S^^Pm zlep^^Tsov^^San^^S^^P
 []


Overfull \hbox (5.6445pt too wide) in paragraph at lines 33--34
\OT1/cmr/m/n/12 zdat-nosti pop-u-lace jed-inc^^Wu, reprezen-to-van^^Sych svoj^^
S^^P ge-net-ickou in-for-mac^^S^^P (chro-
 []

[1

{/var/lib/texmf/fonts/map/pdftex/updmap/pdftex.map}]
Overfull \hbox (17.72076pt too wide) in paragraph at lines 72--73
\OT1/cmr/m/n/12 cyk-lick^^Se opakov^^San^^S^^P jed-notliv^^Sych blok^^Wu al-go-
ritmu dokud nen^^S^^P dosa^^Tzeno ukon^^Tcovac^^S^^P
 []


Overfull \hbox (9.46114pt too wide) in paragraph at lines 83--84
\OT1/cmr/m/n/12 Jednotliv^^Se bloky navr^^Tzen^^Seho al-go-ritmu jsou pln^^Te k
on-fig-urovateln^^Se a roz^^Tsi^^Triteln^^Se.
 []


Overfull \hbox (11.55pt too wide) in paragraph at lines 83--84
\OT1/cmr/m/n/12 Popis jed-notliv^^Sych blok^^Wu a pod-porovan^^Se kon-fig-u-rac
e jsou shrnuty v n^^Sasleduj^^S^^Pc^^S^^Pm
 []

[2]
LaTeX Font Info:    Try loading font information for OMS+cmr on input line 92.
 (/usr/share/texmf-dist/tex/latex/base/omscmr.fd
File: omscmr.fd 1999/05/25 v2.5h Standard LaTeX font definitions
)
LaTeX Font Info:    Font shape `OMS/cmr/m/n' in size <12> not available
(Font)              Font shape `OMS/cmsy/m/n' tried instead on input line 92.

Overfull \hbox (22.02905pt too wide) in paragraph at lines 96--97
\OT1/cmr/m/n/12 kter^^Sy je prove-den v p^^Tr^^S^^Ppad^^Te, ^^Tze n^^Sahodn^^Sy
 hod p^^Trev^^Sy^^Ts^^S^^P stanove-nou pravd^^Tepodobnost
 []


Overfull \hbox (6.36255pt too wide) in paragraph at lines 105--106
\OT1/cmr/m/n/12 nuto o p^^Trid^^San^^S^^P funkce ^^Tr^^S^^Pzen^^S^^P se-lek^^Tc
n^^S^^Pho tlaku na z^^Saklad^^Te line^^Sarn^^S^^Pho p^^Tre^^Tsk^^Salov^^San^^S^
^P
 []

[3] <obr/lin-scaling.png, id=19, 432.86719pt x 262.73157pt>
File: obr/lin-scaling.png Graphic file (type png)

<use obr/lin-scaling.png>
Package pdftex.def Info: obr/lin-scaling.png used on input line 143.
(pdftex.def)             Requested size: 389.57686pt x 236.4562pt.
 [4] [5 <./obr/lin-scaling.png>]
Overfull \hbox (15.59718pt too wide) in paragraph at lines 166--167
[]\OT1/cmr/m/n/12 Prvn^^S^^P metoda spo^^Tc^^S^^Pvala na mul-ti-p-lika-tivn^^S^
^P pe-nal-izaci, kter^^Sa zap^^Tr^^S^^P^^Tcin^^S^^P zhor^^Tsen^^S^^P
 []


Overfull \hbox (7.51741pt too wide) in paragraph at lines 172--174
[]\OT1/cmr/m/n/12 Druh^^Sa metoda spo^^Tc^^S^^Pvala v adi-tivn^^S^^P pe-nal-iza
ci defi-no-van^^Se dle vz-tahu: $\OML/cmm/m/it/12 f\OT1/cmr/m/n/12 (\OML/cmm/m/
it/12 z\OT1/cmr/m/n/12 ) =
 []


Overfull \hbox (1.64835pt too wide) in paragraph at lines 190--191
\OT1/cmr/m/n/12 brute-force al-go-rit-mem) a $\OML/cmm/m/it/12 C\OT1/cmr/m/n/12
 (\OML/cmm/m/it/12 APX\OT1/cmr/m/n/12 )$ je hod-nota fit-ness funkce ^^Tre^^Tse
n^^S^^P vr^^Sacen^^Seho
 []


Overfull \hbox (2.01955pt too wide) in paragraph at lines 192--193
[]\OT1/cmr/m/n/12 Druh^^Sym fak-torem je hod-nota pom^^Teru spln^^Ten^^Sych in-
stanc^^S^^P, ke v^^Tsem ^^Tre^^Tsen^^Sym
 []


Overfull \hbox (12.53844pt too wide) in paragraph at lines 201--202
\OT1/cmr/m/n/12 dosa^^Tzeno po^^Tzadovan^^Seho pom^^Teru klauzul^^S^^P k po^^Tc
tu prom^^Tenn^^Sych. Proto^^Tze SATLIB
 []

[6]
Overfull \hbox (32.98323pt too wide) in paragraph at lines 203--204
[]\OT1/cmr/m/n/12 Celkem pak bylo prov^^Sad^^Teno testov^^San^^S^^P na 6ti sad^
^Sach s $\OML/cmm/m/it/12 k$ \OT1/cmr/m/n/12 z mno^^Tziny $\OMS/cmsy/m/n/12 f\O
T1/cmr/m/n/12 1\OML/cmm/m/it/12 ; \OT1/cmr/m/n/12 2\OML/cmm/m/it/12 ; \OT1/cmr/
m/n/12 3\OML/cmm/m/it/12 ; \OT1/cmr/m/n/12 4\OML/cmm/m/it/12 ; \OT1/cmr/m/n/12 
5\OML/cmm/m/it/12 ; \OT1/cmr/m/n/12 6\OMS/cmsy/m/n/12 g$\OT1/cmr/m/n/12 ,
 []


Overfull \hbox (2.27185pt too wide) in paragraph at lines 219--220
\OT1/cmr/m/n/12 tiky po^^Tctu gen-erac^^S^^P a ve-likosti pop-u-lace. Op-tim^^S
aln^^S^^P hod-noty t^^Techto parametr^^Wu
 []


Overfull \hbox (6.0307pt too wide) in paragraph at lines 221--222
[]\OT1/cmr/m/n/12 V dal^^Ts^^S^^P f^^Saz^^S^^P byl m^^Te^^Tren vliv oper^^Sator
^^Wu k^^Tr^^S^^P^^Tzen^^S^^P a mu-tace na kval-itu v^^Sysledn^^Seho
 []

<obr/gen.png, id=33, 436.63126pt x 289.08pt>
File: obr/gen.png Graphic file (type png)
 <use obr/gen.png>
Package pdftex.def Info: obr/gen.png used on input line 232.
(pdftex.def)             Requested size: 392.9645pt x 260.16959pt.

Overfull \hbox (2.9645pt too wide) in paragraph at lines 232--233
 [][] 
 []

[7] <obr/pop-size-err-min.png, id=38, 498.36188pt x 298.86656pt>
File: obr/pop-size-err-min.png Graphic file (type png)

<use obr/pop-size-err-min.png>
Package pdftex.def Info: obr/pop-size-err-min.png used on input line 252.
(pdftex.def)             Requested size: 373.7705pt x 224.14935pt.

<obr/pop-size-sat-min.png, id=39, 482.55281pt x 263.48438pt>
File: obr/pop-size-sat-min.png Graphic file (type png)

<use obr/pop-size-sat-min.png>
Package pdftex.def Info: obr/pop-size-sat-min.png used on input line 258.
(pdftex.def)             Requested size: 361.91371pt x 197.61278pt.

<obr/pop-size-err-max.png, id=40, 489.32813pt x 300.3722pt>
File: obr/pop-size-err-max.png Graphic file (type png)

<use obr/pop-size-err-max.png>
Package pdftex.def Info: obr/pop-size-err-max.png used on input line 263.
(pdftex.def)             Requested size: 366.99518pt x 225.27858pt.

<obr/pop-size-sat-max.png, id=41, 476.53032pt x 273.27094pt>
File: obr/pop-size-sat-max.png Graphic file (type png)

<use obr/pop-size-sat-max.png>
Package pdftex.def Info: obr/pop-size-sat-max.png used on input line 268.
(pdftex.def)             Requested size: 357.39687pt x 204.95268pt.
 [8 <./obr/gen.png>] [9 <./obr/pop-size-err-min.png> <./obr/pop-size-sat-min.pn
g>] [10 <./obr/pop-size-err-max.png> <./obr/pop-size-sat-max.png>] <obr/mut-err
.png, id=51, 490.83376pt x 288.3272pt>
File: obr/mut-err.png Graphic file (type png)

<use obr/mut-err.png>
Package pdftex.def Info: obr/mut-err.png used on input line 284.
(pdftex.def)             Requested size: 441.74629pt x 259.49207pt.

Overfull \hbox (51.74629pt too wide) in paragraph at lines 284--285
 [][] 
 []

<obr/mut-sat.png, id=52, 507.39563pt x 291.33844pt>
File: obr/mut-sat.png Graphic file (type png)
 <use obr/mut-sat.png>
Package pdftex.def Info: obr/mut-sat.png used on input line 290.
(pdftex.def)             Requested size: 456.65186pt x 262.20216pt.

Overfull \hbox (66.65186pt too wide) in paragraph at lines 290--291
 [][] 
 []

[11

 <./obr/mut-err.png>]
Overfull \hbox (21.27629pt too wide) in paragraph at lines 303--304
[]\OT1/cmr/m/n/12 D^^Sale je z nam^^Te^^Tren^^Sych v^^Sysledk^^Wu pa-trn^^Se, ^
^Tze v^^Tsechna nas-taven^^S^^P pravd^^Tepodobnosti
 []

<obr/cross-err.png, id=56, 502.12593pt x 289.08pt>
File: obr/cross-err.png Graphic file (type png)
 <use obr/cross-err.png>
Package pdftex.def Info: obr/cross-err.png used on input line 307.
(pdftex.def)             Requested size: 451.90916pt x 260.16959pt.

Overfull \hbox (61.90916pt too wide) in paragraph at lines 307--308
 [][] 
 []

<obr/cross-sat.png, id=57, 488.57532pt x 286.82156pt>
File: obr/cross-sat.png Graphic file (type png)
 <use obr/cross-sat.png>
Package pdftex.def Info: obr/cross-sat.png used on input line 313.
(pdftex.def)             Requested size: 439.71373pt x 258.13701pt.

Overfull \hbox (49.71373pt too wide) in paragraph at lines 313--314
 [][] 
 []

[12 <./obr/mut-sat.png>] [13 <./obr/cross-err.png> <./obr/cross-sat.png>]
<obr/linscale-err.png, id=65, 487.06969pt x 290.58563pt>
File: obr/linscale-err.png Graphic file (type png)

<use obr/linscale-err.png>
Package pdftex.def Info: obr/linscale-err.png used on input line 328.
(pdftex.def)             Requested size: 438.35866pt x 261.52464pt.

Overfull \hbox (48.35866pt too wide) in paragraph at lines 328--329
 [][] 
 []

<obr/linscale-sat.png, id=67, 487.06969pt x 289.83281pt>
File: obr/linscale-sat.png Graphic file (type png)

<use obr/linscale-sat.png>
Package pdftex.def Info: obr/linscale-sat.png used on input line 333.
(pdftex.def)             Requested size: 438.35866pt x 260.8471pt.

Overfull \hbox (48.35866pt too wide) in paragraph at lines 333--334
 [][] 
 []

[14

 <./obr/linscale-err.png>]
<obr/linavgscale-err.png, id=72, 513.41812pt x 274.02374pt>
File: obr/linavgscale-err.png Graphic file (type png)

<use obr/linavgscale-err.png>
Package pdftex.def Info: obr/linavgscale-err.png used on input line 344.
(pdftex.def)             Requested size: 462.07202pt x 246.61908pt.

Overfull \hbox (72.07202pt too wide) in paragraph at lines 344--345
 [][] 
 []

[15 <./obr/linscale-sat.png>]
<obr/pen-err-min.png, id=77, 517.18219pt x 301.8778pt>
File: obr/pen-err-min.png Graphic file (type png)

<use obr/pen-err-min.png>
Package pdftex.def Info: obr/pen-err-min.png used on input line 360.
(pdftex.def)             Requested size: 465.45967pt x 271.6875pt.

Overfull \hbox (75.45967pt too wide) in paragraph at lines 360--361
 [][] 
 []

<obr/pen-sat-min.png, id=78, 517.18219pt x 301.8778pt>
File: obr/pen-sat-min.png Graphic file (type png)

<use obr/pen-sat-min.png>
Package pdftex.def Info: obr/pen-sat-min.png used on input line 365.
(pdftex.def)             Requested size: 465.45967pt x 271.6875pt.

Overfull \hbox (75.45967pt too wide) in paragraph at lines 365--366
 [][] 
 []

<obr/pen-err-max.png, id=79, 517.18219pt x 301.8778pt>
File: obr/pen-err-max.png Graphic file (type png)

<use obr/pen-err-max.png>
Package pdftex.def Info: obr/pen-err-max.png used on input line 370.
(pdftex.def)             Requested size: 465.45967pt x 271.6875pt.

Overfull \hbox (75.45967pt too wide) in paragraph at lines 370--371
 [][] 
 []

<obr/pen-sat-max.png, id=80, 517.18219pt x 256.70906pt>
File: obr/pen-sat-max.png Graphic file (type png)

<use obr/pen-sat-max.png>
Package pdftex.def Info: obr/pen-sat-max.png used on input line 375.
(pdftex.def)             Requested size: 465.45967pt x 231.03601pt.

Overfull \hbox (75.45967pt too wide) in paragraph at lines 375--376
 [][] 
 []

[16 <./obr/linavgscale-err.png>] [17 <./obr/pen-err-min.png> <./obr/pen-sat-min
.png>] [18 <./obr/pen-err-max.png> <./obr/pen-sat-max.png>]
Overfull \hbox (3.65147pt too wide) in paragraph at lines 382--383
[]\OT1/cmr/m/n/12 Re^^Tsen^^S^^P bylo im-ple-men-tov^^Sano jako roz^^Ts^^S^^P^^
Tren^^S^^P v^^Syukov^^Se kni-hovny, kter^^Sa je sou^^Tc^^Sast^^S^^P
 []


Overfull \hbox (23.95265pt too wide) in paragraph at lines 387--388
[]\OT1/cmr/m/n/12 P^^Trekvapiv^^Sym z^^Sav^^Terem bylo zji^^Tst^^Ten^^S^^P nez^
^Savislosti kval-ity pod^^Savan^^Sych v^^Sysledk^^Wu
 []


Overfull \hbox (11.90694pt too wide) in paragraph at lines 388--389
[][]\OT1/cmr/m/n/12 Usp^^Techem se uk^^Sazala b^^Syt volba adi-tivn^^S^^P pe-na
l-iza^^Tcn^^S^^P funkce znev^^Syhod^^Tnuj^^S^^Pc^^S^^P
 []


Overfull \hbox (3.16397pt too wide) in paragraph at lines 388--389
\OT1/cmr/m/n/12 ne-s-plniteln^^Se in-stance ode^^Tcten^^S^^Pm maxim^^Saln^^S^^P
ch vah liter^^Sal^^Wu ne-s-plniteln^^Sych
 []


Overfull \hbox (12.23749pt too wide) in paragraph at lines 390--391
\OT1/cmr/m/n/12 potvrzuj^^S^^P z^^Sav^^Tery Sel-mana, kdy jsou jako ne-jobt^^S^
^P^^Tzn^^Tej^^Ts^^S^^P in-stance ozna^^Tcov^^Sany
 []

[19

]
No file zprava.bbl.
[20] (./zprava.aux) ) 
Here is how much of TeX's memory you used:
 4542 strings out of 493488
 59875 string characters out of 3146892
 151167 words of memory out of 3000000
 7754 multiletter control sequences out of 15000+200000
 9214 words of font info for 34 fonts, out of 3000000 for 9000
 957 hyphenation exceptions out of 8191
 38i,6n,24p,563b,350s stack positions out of 5000i,500n,10000p,200000b,50000s
</usr/share/texmf-dist/fonts/type1/public/amsfonts/cm/cmbx
12.pfb></usr/share/texmf-dist/fonts/type1/public/amsfonts/cm/cmex10.pfb></usr/s
hare/texmf-dist/fonts/type1/public/amsfonts/cm/cmmi12.pfb></usr/share/texmf-dis
t/fonts/type1/public/amsfonts/cm/cmmi6.pfb></usr/share/texmf-dist/fonts/type1/p
ublic/amsfonts/cm/cmmi8.pfb></usr/share/texmf-dist/fonts/type1/public/amsfonts/
cm/cmr12.pfb></usr/share/texmf-dist/fonts/type1/public/amsfonts/cm/cmr6.pfb></u
sr/share/texmf-dist/fonts/type1/public/amsfonts/cm/cmr8.pfb></usr/share/texmf-d
ist/fonts/type1/public/amsfonts/cm/cmsy10.pfb></usr/share/texmf-dist/fonts/type
1/public/amsfonts/cm/cmsy8.pfb></usr/share/texmf-dist/fonts/type1/public/amsfon
ts/cm/cmtt12.pfb></usr/share/texmf-dist/fonts/type1/public/amsfonts/cm/cmtt8.pf
b>
Output written on zprava.pdf (20 pages, 300973 bytes).
PDF statistics:
 139 PDF objects out of 1000 (max. 8388607)
 83 compressed objects within 1 object stream
 0 named destinations out of 1000 (max. 500000)
 86 words of extra memory for PDF output out of 10000 (max. 10000000)

