100
0111110000000000000000000000000010000011000000000000000000000000100000000000000000000000000000100000
1000000000000000000000000100010000000000000001010000000000000000010000000000001100000000000000000110
1000000000000000000100000000010000000010000000000000000010000100000010000000000000100010000000001000
1000110000000010000001000000000100000010000000000000000000000000000010000000000000000000010100000000
1001000010000000000000000000000000000000100010100000000000000000000000010000100000000000000000001001
1001001110100000000000000000000000100000000000100000000000000000000000000000100100000000000000000000
0000010111000000000100000000100000100000000000000001001000000000000000000000100000000000000000000000
0000011000000000000000000000101100000000000000000000000000000000000000010000000010110000010000000000
0000111001110000000010000000000001000001000000000000000001000000000000000000000000000000000000000000
0000001010100010001000000000000000000000001000000000000000000000010010001000000000000000000010000000
0000010011010000010000000000000000000000000000000000000011000000001010000000000001000000000000000000
0000000010100110010110000000000000000000000000000001000010100000000000000000000000000000000000000000
0000000000000100000000000000001010000100100000000100001000000000010000000000001000000000100000000000
0000000000011000101000000000000000000000000100000000000011000100000000000000000000001010000000000000
0001000001010000000000000000000000000000000100010000011000000000000001100000000000000000100000000000
0000000000000000100100001001000100000001000000001000000000000001000100000000000010000000000000000000
0000000000000101001000000000000000000100001010000001010000001000000000000000000100000000000000000000
0000000000110000000110010000000000000100100000000000000000000000000000000000001100000000000000000100
0000000001000100100000000010000000000000100000000000010000100000000001000000000100000010000000000000
0010001000010001010001000000100000000110000010000000000000000000000000000000000000000000000000000000
0000000010010000010000000011000010000000000000000000100010000100000000000000000000000000000001000000
0001000000000000000100110000000000000000000000001000110000000000000000000010010000000000000010000000
0000000000000000000001011110000000000000001000000010100000000000000000000000000000000000100100000000
0000000000000000010001100000000011000000000100000000100001000000000000000000000000000000001000000001
0000000000000001000000100000000000010000000110001000001000000000010000000000000000000000000100000010
0100000000000000000000100000000000100000000000010000100000000010000010000000000000010000011000000000
0000000000000000001010100001011100000000000000000000000000000000000001000010000000000000000000000001
0000000000000001000010000010001011000000000001000100000000000000010000000000000000000000000001000000
0000001100000000000100000000000000000000000100000000000000001100010000000000000001000001010000000000
0110000000000000000000000010000000000000000000000001000000000010001000000000010000100000000001000001
0000000100001000000000000011000010000000000001000000000100000000000000000000000000010001000100000000
0001000100000001000000000010000000000000000000000000000001000010001000100000000000000000000010010000
1000000000001000000010010001001000000000000100000000000000000000000000001000000000010100000000000000
0000000010000000000000010001000000100000010001000001000000000110000000000000000000000001000000000000
0000011000000000000000000100000001010000000000000000100010000000010000010000100000000000000000000000
0000000000000000000000001000000000101011000000000000000000000000000000100010000010010000000000000001
0000000000000000000000000000000000010000000000000010000000000000010010001000101011001000000000000000
0000000000001000110100000000000000000000000001000000100000000000001000000010010000001000000000000000
1011000000000000000100000000000000010001000001000000001000000000000000000000000010001000000000000000
1000000010000001000000000000000000010010000000000100000000000000000010000000000010000001000000001000
0000100000001000011000000000000000000000001000000000010000000001000001001000000000100000000000000000
0000000000000000000000000000000001000000000110101010000100000000000001000000001000000000000000010000
0000000001000000100000100000000000000000100000000000000000000001000010000010100001000001000000000000
0000000000000110000000011000100010000000010010000100000000000000000000000000001000000000000000000000
0000100000000000100100001000000000000000010100100000000000010000000000000000000000000000010000000010
0100000000000000000000000001001001000110000000000000010000000000010000100000000000000010000000000000
0000110000000000000000000000000000000000010010000100000000000000000000000000001000001010000000101000
0100000000000010000000000100000000000000000000000001000000100000000010001000000001001000000000000010
0000000000000001000001001000000000000000010000000010001100100000100001000000000000000000000000000000
0000000000001000000000000001000000000001000100100000000000000001000001010000000000000000000001000100
0000000000000000000000100000000000001000010000001000000000011110000000000000000001010000000000000000
0000001000010000100000000000010001000000000000010000000000010000000000000100010000000000000000100000
0000000000000000000011110100000000100100000000000000010000100000000000000000000001000000000000000000
0000000000000010101001000000000000000000100001000000100000100000000000100000000000000000000000000001
0000001000001010000000001000000000000010000000001000000100010000000000000000000010000001000000000000
0000000000000000000000000000001000000000010000001000001010000000001000110000000100100000000000000000
0010000000110100000010000000000000100000000000000000000100010000100000000000010000000000000000000000
0000000010100100000000010000000100000000000000000000000000000000000000000000100000110000000001000010
0000000000010000001000000000000000000000000000011000110000000100000001000000010000000010000000000000
0000000000000000000000000000000000000000000010000011001010001110000000000000000000001000100000000000
0000000000000000100000000000100000000000000000000010000000010110101000010000000000000000001000000000
0010000000000100000010000000100001000000000000000010000000111001000000000000000000000000000000000000
0000000000000000000000000100010101000000000000000010000000011001000000000000000000000000000010010000
0000000000000001000000000000000000000000101000000100000000000110000000000000000000000011000010000100
1000000000000000000000000000000000000000000000001000000010001000001100000000001000000001000001000100
0100000001001000000000001001100000101000000001000000000000000000000000000000100000000000000000000000
0000000000100000000000000000010100000100000000000000000100001000100100011000000000000000000000000000
0000000000000001000000000000000000000000000000000000000000000000101000001111010000000010000000010000
0011000001100000000000000100000000001001001000010000000000000000000000000000000000000000001000000000
0000000000000010001000000010000000000000110000001100000000100000000000000000100000000000000000100000
0000000000000010000000000000000100010000000001000000010100000000000000000000000000000100010110000000
0000100100000000000000000000000000100000000000000100000100001000001000000000001000001000000001000000
0000000001000000000000000000000010001000100000010000000000000000001100000111000000000000000000000000
0000000000000000000000000000000000000000000000000001000000000000000100001011110010000100000000000100
0000000000000000000001000010000000010100001000000000000000000000000100001100000000000000000001000010
0000000000000000000000000000000000000000000000000000000000000000000100001100010110000110000000101000
0000111000000000000000000000000000101000001000000000000001000000010001000100000000000000000000000000
0000000000000000000001000000010000000100000000000001000010100000000100000101000000000000000000000100
0100000000001000010000000000000000001000010100100000000000000000100000010000000000000000100000000000
0100010000000000111000000000000000000000000000000000000100000000000000000001000000000000000001100001
0000000100000001000000000000000000011011000000000000001000000000000000000101000000000000000000000001
0000000000100000000000000000100000001000001000010010100000000000000000000000000000010000001010000000
0010000100000000000000000000010000000000100000000000000101000000000000000000000000001000111000000000
0000000100000000000000000100001010010000000000000010000001000000000000000000000001000100100000000000
0000000000000100000000000000000000001110000000110000000000010000000000010000000000100100000000000000
0000000000000000000000000000000010000000000000000000000000000000000000100101000000011011100000010000
0010000000000100001000000000000000000000000001100000000000100001000100000001000000000100000000000000
0000000000000000000000000000101001000001001000000000001000000001100000000000000000000100001000000000
0000000000001010000000100000000000000000000000000000000000010000000000000000001000110100000010000010
0001000100000000000000000100100000000000000010000000000000000000000000100000000000100000000010100100
0000000000000000000000010100000000000000000000000000000000001000000010000000000001100001000100000110
0001000000000000000000101000001000000000000000000000000000000000000000100000000000000000001000111100
0000000001000000000001000000000100000000000000000000000000000011000000100000000001000000110000001000
0000000000000000000010000001010000000000000000000100000001000000100000010010000100000000000000000001
1000000000000000000000000000000000000000000000100001000000000000000001000001000100000000010100011000
0000000000000000000000000000000100000000010000000000000000000010000100000000000000000100000100101011
0010100000000000000000000000000000000001000000100000000000000000000000000001000000000000000110110010
0100000000000000010000000000000000000000000000000100000000000001100000000100010000000000011100000000
0100000000000000000000001000000000000000000010010000000001000000000000000010000000000000101000011000
0000100000000000000000010010010000010000000000000000010000000000000000000000000110000000000001010000
