45
011110010001011000111111000001101100000001001
100101011100010101000110001000111111000010001
100101100011011011110010010111010000001000100
111010001010100001100110011100010000101110001
100100011011101010000111010110000111000010001
011000001111100101111110000000110001000100110
001000010111101101000000101101001001100111001
110010100100010110111101100010100001110000010
010111000010110110010100011001100010000111010
010001110001110001010011100111001001001100010
001111101001110101100000101101001010000100100
101011100110000101001101000010011000111000101
000111101110010011000011101001101001100000100
111000011110101100000100100000011000011011011
101010100000010001010111111001110010100011000
010001111011010010101001111100000000011001010
001010011000100101010110100000011111010011001
011101100111101010000010001011110000110000100
101101010010000100010010011100010110001011101
101001011100001010101000001101100110001000111
100001010001000100010001111100101110001101101
110111011001011010000010011001100010010000110
111111000100101011100101000000001101001001010
100010010101101100001010110010010010111000110
000000110110111110001001011011010001000110001
001110001000001100101101101010011001111001000
010100101010101101111100110110000000001100001
001110100110000100111000001011110100001010101
001010010101000001000001111100010110111111000
101000101110101001010100100100100010101100110
110001011000101001011100000101001011100101010
011101000001011011100001110110001100110001000
110000100111110010001010010000110001100110110
110010000000000010111010000110010010111111011
010010001010001010111101000011100101010010110
010011110100100010000010110000101010110110101
000100110001101001000001010011111101001101100
000000010001010111000101010010010111001110111
001100000101010100111011011111000100110100000
000101101110000000001000101011101101111010010
010110101000011010100000100110001111010101001
100000101000011110101010010010110100100010111
001001000011100001111101000101001011110001010
000001011100010100010111000001101110010101101
110110100001010010111000101100000101010011010
